<?xml version="1.0" encoding="UTF-8" ?>
<testsuite failures="0" time="0.201" errors="1" skipped="0" tests="1" name="com.ciaran.test.GreetingTest">
  <properties>
[...]
</properties>
  <testcase time="0.201" classname="com.ciaran.test.GreetingTest" name="com.ciaran.test.GreetingTest">
    <error message="Could not deploy to container: {&quot;JBAS014671: Failed services&quot; =&gt; {&quot;jboss.deployment.unit.\&quot;7f0384b5-25e0-46f7-b9d2-67b99e82731b.jar\&quot;.POST_MODULE&quot; =&gt; &quot;org.jboss.msc.service.StartException in service jboss.deployment.unit.\&quot;7f0384b5-25e0-46f7-b9d2-67b99e82731b.jar\&quot;.POST_MODULE: Failed to process phase POST_MODULE of deployment \&quot;7f0384b5-25e0-46f7-b9d2-67b99e82731b.jar\&quot;&quot;}}" type="org.jboss.arquillian.container.spi.client.container.DeploymentException">org.jboss.arquillian.container.spi.client.container.DeploymentException: Could not deploy to container: {&quot;JBAS014671: Failed services&quot; =&gt; {&quot;jboss.deployment.unit.\&quot;7f0384b5-25e0-46f7-b9d2-67b99e82731b.jar\&quot;.POST_MODULE&quot; =&gt; &quot;org.jboss.msc.service.StartException in service jboss.deployment.unit.\&quot;7f0384b5-25e0-46f7-b9d2-67b99e82731b.jar\&quot;.POST_MODULE: Failed to process phase POST_MODULE of deployment \&quot;7f0384b5-25e0-46f7-b9d2-67b99e82731b.jar\&quot;&quot;}}
	at org.jboss.as.arquillian.container.ArchiveDeployer.deploy(ArchiveDeployer.java:74)
	at org.jboss.as.arquillian.container.CommonDeployableContainer.deploy(CommonDeployableContainer.java:148)
	at org.jboss.arquillian.container.impl.client.container.ContainerDeployController$3.call(ContainerDeployController.java:161)
	at org.jboss.arquillian.container.impl.client.container.ContainerDeployController$3.call(ContainerDeployController.java:128)
	at org.jboss.arquillian.container.impl.client.container.ContainerDeployController.executeOperation(ContainerDeployController.java:271)
	at org.jboss.arquillian.container.impl.client.container.ContainerDeployController.deploy(ContainerDeployController.java:127)
	at sun.reflect.NativeMethodAccessorImpl.invoke0(Native Method)
	at sun.reflect.NativeMethodAccessorImpl.invoke(NativeMethodAccessorImpl.java:57)
	at sun.reflect.DelegatingMethodAccessorImpl.invoke(DelegatingMethodAccessorImpl.java:43)
	at java.lang.reflect.Method.invoke(Method.java:606)
	at org.jboss.arquillian.core.impl.ObserverImpl.invoke(ObserverImpl.java:96)
	at org.jboss.arquillian.core.impl.EventContextImpl.invokeObservers(EventContextImpl.java:103)
	at org.jboss.arquillian.core.impl.EventContextImpl.proceed(EventContextImpl.java:85)
	at org.jboss.arquillian.container.impl.client.container.DeploymentExceptionHandler.verifyExpectedExceptionDuringDeploy(DeploymentExceptionHandler.java:50)
	at sun.reflect.NativeMethodAccessorImpl.invoke0(Native Method)
	at sun.reflect.NativeMethodAccessorImpl.invoke(NativeMethodAccessorImpl.java:57)
	at sun.reflect.DelegatingMethodAccessorImpl.invoke(DelegatingMethodAccessorImpl.java:43)
	at java.lang.reflect.Method.invoke(Method.java:606)
	at org.jboss.arquillian.core.impl.ObserverImpl.invoke(ObserverImpl.java:96)
	at org.jboss.arquillian.core.impl.EventContextImpl.proceed(EventContextImpl.java:92)
	at org.jboss.arquillian.container.impl.client.ContainerDeploymentContextHandler.createContainerContext(ContainerDeploymentContextHandler.java:57)
	at sun.reflect.NativeMethodAccessorImpl.invoke0(Native Method)
	at sun.reflect.NativeMethodAccessorImpl.invoke(NativeMethodAccessorImpl.java:57)
	at sun.reflect.DelegatingMethodAccessorImpl.invoke(DelegatingMethodAccessorImpl.java:43)
	at java.lang.reflect.Method.invoke(Method.java:606)
	at org.jboss.arquillian.core.impl.ObserverImpl.invoke(ObserverImpl.java:96)
	at org.jboss.arquillian.core.impl.EventContextImpl.proceed(EventContextImpl.java:92)
	at org.jboss.arquillian.container.impl.client.ContainerDeploymentContextHandler.createDeploymentContext(ContainerDeploymentContextHandler.java:78)
	at sun.reflect.NativeMethodAccessorImpl.invoke0(Native Method)
	at sun.reflect.NativeMethodAccessorImpl.invoke(NativeMethodAccessorImpl.java:57)
	at sun.reflect.DelegatingMethodAccessorImpl.invoke(DelegatingMethodAccessorImpl.java:43)
	at java.lang.reflect.Method.invoke(Method.java:606)
	at org.jboss.arquillian.core.impl.ObserverImpl.invoke(ObserverImpl.java:96)
	at org.jboss.arquillian.core.impl.EventContextImpl.proceed(EventContextImpl.java:92)
	at org.jboss.arquillian.core.impl.ManagerImpl.fire(ManagerImpl.java:143)
	at org.jboss.arquillian.core.impl.ManagerImpl.fire(ManagerImpl.java:114)
	at org.jboss.arquillian.core.impl.EventImpl.fire(EventImpl.java:67)
	at org.jboss.arquillian.container.impl.client.container.ContainerDeployController$1.perform(ContainerDeployController.java:95)
	at org.jboss.arquillian.container.impl.client.container.ContainerDeployController$1.perform(ContainerDeployController.java:80)
	at org.jboss.arquillian.container.impl.client.container.ContainerDeployController.forEachDeployment(ContainerDeployController.java:263)
	at org.jboss.arquillian.container.impl.client.container.ContainerDeployController.forEachManagedDeployment(ContainerDeployController.java:239)
	at org.jboss.arquillian.container.impl.client.container.ContainerDeployController.deployManaged(ContainerDeployController.java:79)
	at sun.reflect.NativeMethodAccessorImpl.invoke0(Native Method)
	at sun.reflect.NativeMethodAccessorImpl.invoke(NativeMethodAccessorImpl.java:57)
	at sun.reflect.DelegatingMethodAccessorImpl.invoke(DelegatingMethodAccessorImpl.java:43)
	at java.lang.reflect.Method.invoke(Method.java:606)
	at org.jboss.arquillian.core.impl.ObserverImpl.invoke(ObserverImpl.java:96)
	at org.jboss.arquillian.core.impl.EventContextImpl.invokeObservers(EventContextImpl.java:103)
	at org.jboss.arquillian.core.impl.EventContextImpl.proceed(EventContextImpl.java:85)
	at org.jboss.arquillian.core.impl.ManagerImpl.fire(ManagerImpl.java:143)
	at org.jboss.arquillian.core.impl.ManagerImpl.fire(ManagerImpl.java:114)
	at org.jboss.arquillian.core.impl.EventImpl.fire(EventImpl.java:67)
	at org.jboss.arquillian.container.test.impl.client.ContainerEventController.execute(ContainerEventController.java:101)
	at sun.reflect.NativeMethodAccessorImpl.invoke0(Native Method)
	at sun.reflect.NativeMethodAccessorImpl.invoke(NativeMethodAccessorImpl.java:57)
	at sun.reflect.DelegatingMethodAccessorImpl.invoke(DelegatingMethodAccessorImpl.java:43)
	at java.lang.reflect.Method.invoke(Method.java:606)
	at org.jboss.arquillian.core.impl.ObserverImpl.invoke(ObserverImpl.java:96)
	at org.jboss.arquillian.core.impl.EventContextImpl.invokeObservers(EventContextImpl.java:103)
	at org.jboss.arquillian.core.impl.EventContextImpl.proceed(EventContextImpl.java:85)
	at org.jboss.arquillian.test.impl.TestContextHandler.createSuiteContext(TestContextHandler.java:73)
	at sun.reflect.NativeMethodAccessorImpl.invoke0(Native Method)
	at sun.reflect.NativeMethodAccessorImpl.invoke(NativeMethodAccessorImpl.java:57)
	at sun.reflect.DelegatingMethodAccessorImpl.invoke(DelegatingMethodAccessorImpl.java:43)
	at java.lang.reflect.Method.invoke(Method.java:606)
	at org.jboss.arquillian.core.impl.ObserverImpl.invoke(ObserverImpl.java:96)
	at org.jboss.arquillian.core.impl.EventContextImpl.proceed(EventContextImpl.java:92)
	at org.jboss.arquillian.test.impl.TestContextHandler.createClassContext(TestContextHandler.java:92)
	at sun.reflect.NativeMethodAccessorImpl.invoke0(Native Method)
	at sun.reflect.NativeMethodAccessorImpl.invoke(NativeMethodAccessorImpl.java:57)
	at sun.reflect.DelegatingMethodAccessorImpl.invoke(DelegatingMethodAccessorImpl.java:43)
	at java.lang.reflect.Method.invoke(Method.java:606)
	at org.jboss.arquillian.core.impl.ObserverImpl.invoke(ObserverImpl.java:96)
	at org.jboss.arquillian.core.impl.EventContextImpl.proceed(EventContextImpl.java:92)
	at org.jboss.arquillian.core.impl.ManagerImpl.fire(ManagerImpl.java:143)
	at org.jboss.arquillian.core.impl.ManagerImpl.fire(ManagerImpl.java:114)
	at org.jboss.arquillian.test.impl.EventTestRunnerAdaptor.beforeClass(EventTestRunnerAdaptor.java:87)
	at org.jboss.arquillian.junit.Arquillian$2.evaluate(Arquillian.java:202)
	at org.jboss.arquillian.junit.Arquillian.multiExecute(Arquillian.java:431)
	at org.jboss.arquillian.junit.Arquillian.access$200(Arquillian.java:55)
	at org.jboss.arquillian.junit.Arquillian$3.evaluate(Arquillian.java:219)
	at org.junit.runners.ParentRunner.run(ParentRunner.java:363)
	at org.jboss.arquillian.junit.Arquillian.run(Arquillian.java:167)
	at org.apache.maven.surefire.junit4.JUnit4Provider.execute(JUnit4Provider.java:236)
	at org.apache.maven.surefire.junit4.JUnit4Provider.executeTestSet(JUnit4Provider.java:134)
	at org.apache.maven.surefire.junit4.JUnit4Provider.invoke(JUnit4Provider.java:113)
	at sun.reflect.NativeMethodAccessorImpl.invoke0(Native Method)
	at sun.reflect.NativeMethodAccessorImpl.invoke(NativeMethodAccessorImpl.java:57)
	at sun.reflect.DelegatingMethodAccessorImpl.invoke(DelegatingMethodAccessorImpl.java:43)
	at java.lang.reflect.Method.invoke(Method.java:606)
	at org.apache.maven.surefire.util.ReflectionUtils.invokeMethodWithArray(ReflectionUtils.java:189)
	at org.apache.maven.surefire.booter.ProviderFactory$ProviderProxy.invoke(ProviderFactory.java:165)
	at org.apache.maven.surefire.booter.ProviderFactory.invokeProvider(ProviderFactory.java:85)
	at org.apache.maven.surefire.booter.ForkedBooter.runSuitesInProcess(ForkedBooter.java:103)
	at org.apache.maven.surefire.booter.ForkedBooter.main(ForkedBooter.java:74)
Caused by: java.lang.Exception: {&quot;JBAS014671: Failed services&quot; =&gt; {&quot;jboss.deployment.unit.\&quot;7f0384b5-25e0-46f7-b9d2-67b99e82731b.jar\&quot;.POST_MODULE&quot; =&gt; &quot;org.jboss.msc.service.StartException in service jboss.deployment.unit.\&quot;7f0384b5-25e0-46f7-b9d2-67b99e82731b.jar\&quot;.POST_MODULE: Failed to process phase POST_MODULE of deployment \&quot;7f0384b5-25e0-46f7-b9d2-67b99e82731b.jar\&quot;&quot;}}
	at org.jboss.as.controller.client.helpers.standalone.impl.ServerDeploymentPlanResultFuture.getActionResult(ServerDeploymentPlanResultFuture.java:134)
	at org.jboss.as.controller.client.helpers.standalone.impl.ServerDeploymentPlanResultFuture.getResultFromNode(ServerDeploymentPlanResultFuture.java:123)
	at org.jboss.as.controller.client.helpers.standalone.impl.ServerDeploymentPlanResultFuture.get(ServerDeploymentPlanResultFuture.java:85)
	at org.jboss.as.controller.client.helpers.standalone.impl.ServerDeploymentPlanResultFuture.get(ServerDeploymentPlanResultFuture.java:42)
	at org.jboss.as.arquillian.container.ArchiveDeployer.executeDeploymentPlan(ArchiveDeployer.java:91)
	at org.jboss.as.arquillian.container.ArchiveDeployer.deploy(ArchiveDeployer.java:58)
	... 94 more
</error>
    <system-out>18:57:38,053 INFO  [org.jboss.as.repository] (management-handler-thread - 1) JBAS014900: Content added at location C:\projects\MavenTest\maventest\maventest-ejb\target\jboss-as-7.1.1.Final\standalone\data\content\41\223f1d6e014f645d5431f516dab532bb28358c\content
18:57:38,059 INFO  [org.jboss.as.server.deployment] (MSC service thread 1-7) JBAS015876: Starting deployment of &quot;7f0384b5-25e0-46f7-b9d2-67b99e82731b.jar&quot;
18:57:38,075 WARN  [org.jboss.modules] (MSC service thread 1-8) Failed to define class com.ciaran.test.Greeting in Module &quot;deployment.7f0384b5-25e0-46f7-b9d2-67b99e82731b.jar:main&quot; from Service Module Loader: java.lang.LinkageError: Failed to link com/ciaran/test/Greeting (Module &quot;deployment.7f0384b5-25e0-46f7-b9d2-67b99e82731b.jar:main&quot; from Service Module Loader)
	at org.jboss.modules.ModuleClassLoader.defineClass(ModuleClassLoader.java:396) [jboss-modules.jar:1.1.1.GA]
	at org.jboss.modules.ModuleClassLoader.loadClassLocal(ModuleClassLoader.java:243) [jboss-modules.jar:1.1.1.GA]
	at org.jboss.modules.ModuleClassLoader$1.loadClassLocal(ModuleClassLoader.java:73) [jboss-modules.jar:1.1.1.GA]
	at org.jboss.modules.Module.loadModuleClass(Module.java:517) [jboss-modules.jar:1.1.1.GA]
	at org.jboss.modules.ModuleClassLoader.findClass(ModuleClassLoader.java:182) [jboss-modules.jar:1.1.1.GA]
	at org.jboss.modules.ConcurrentClassLoader.performLoadClassUnchecked(ConcurrentClassLoader.java:468) [jboss-modules.jar:1.1.1.GA]
	at org.jboss.modules.ConcurrentClassLoader.performLoadClassChecked(ConcurrentClassLoader.java:456) [jboss-modules.jar:1.1.1.GA]
	at org.jboss.modules.ConcurrentClassLoader.performLoadClass(ConcurrentClassLoader.java:398) [jboss-modules.jar:1.1.1.GA]
	at org.jboss.modules.ConcurrentClassLoader.loadClass(ConcurrentClassLoader.java:120) [jboss-modules.jar:1.1.1.GA]
	at java.lang.Class.forName0(Native Method) [rt.jar:1.7.0_75]
	at java.lang.Class.forName(Class.java:274) [rt.jar:1.7.0_75]
	at org.jboss.as.server.deployment.reflect.DeploymentClassIndex.classIndex(DeploymentClassIndex.java:54)
	at org.jboss.as.ee.component.deployers.InterceptorAnnotationProcessor.processComponentConfig(InterceptorAnnotationProcessor.java:63) [jboss-as-ee-7.1.1.Final.jar:7.1.1.Final]
	at org.jboss.as.ee.component.deployers.InterceptorAnnotationProcessor.deploy(InterceptorAnnotationProcessor.java:55) [jboss-as-ee-7.1.1.Final.jar:7.1.1.Final]
	at org.jboss.as.server.deployment.DeploymentUnitPhaseService.start(DeploymentUnitPhaseService.java:113)
	at org.jboss.msc.service.ServiceControllerImpl$StartTask.startService(ServiceControllerImpl.java:1811) [jboss-msc-1.0.2.GA.jar:1.0.2.GA]
	at org.jboss.msc.service.ServiceControllerImpl$StartTask.run(ServiceControllerImpl.java:1746) [jboss-msc-1.0.2.GA.jar:1.0.2.GA]
	at java.util.concurrent.ThreadPoolExecutor.runWorker(ThreadPoolExecutor.java:1145) [rt.jar:1.7.0_75]
	at java.util.concurrent.ThreadPoolExecutor$Worker.run(ThreadPoolExecutor.java:615) [rt.jar:1.7.0_75]
	at java.lang.Thread.run(Thread.java:745) [rt.jar:1.7.0_75]
Caused by: java.lang.NoClassDefFoundError: com/ciaran/test/GreetLocal
	at java.lang.ClassLoader.defineClass1(Native Method) [rt.jar:1.7.0_75]
	at java.lang.ClassLoader.defineClass(ClassLoader.java:800) [rt.jar:1.7.0_75]
	at java.security.SecureClassLoader.defineClass(SecureClassLoader.java:142) [rt.jar:1.7.0_75]
	at org.jboss.modules.ModuleClassLoader.doDefineOrLoadClass(ModuleClassLoader.java:327) [jboss-modules.jar:1.1.1.GA]
	at org.jboss.modules.ModuleClassLoader.defineClass(ModuleClassLoader.java:391) [jboss-modules.jar:1.1.1.GA]
	... 19 more
Caused by: java.lang.ClassNotFoundException: com.ciaran.test.GreetLocal from [Module &quot;deployment.7f0384b5-25e0-46f7-b9d2-67b99e82731b.jar:main&quot; from Service Module Loader]
	at org.jboss.modules.ModuleClassLoader.findClass(ModuleClassLoader.java:190) [jboss-modules.jar:1.1.1.GA]
	at org.jboss.modules.ConcurrentClassLoader.performLoadClassUnchecked(ConcurrentClassLoader.java:468) [jboss-modules.jar:1.1.1.GA]
	at org.jboss.modules.ConcurrentClassLoader.performLoadClassChecked(ConcurrentClassLoader.java:456) [jboss-modules.jar:1.1.1.GA]
	at org.jboss.modules.ConcurrentClassLoader.performLoadClass(ConcurrentClassLoader.java:398) [jboss-modules.jar:1.1.1.GA]
	at org.jboss.modules.ConcurrentClassLoader.loadClass(ConcurrentClassLoader.java:120) [jboss-modules.jar:1.1.1.GA]
	... 24 more

18:57:38,093 WARN  [org.jboss.modules] (MSC service thread 1-8) Failed to define class com.ciaran.test.Greeting in Module &quot;deployment.7f0384b5-25e0-46f7-b9d2-67b99e82731b.jar:main&quot; from Service Module Loader: java.lang.LinkageError: Failed to link com/ciaran/test/Greeting (Module &quot;deployment.7f0384b5-25e0-46f7-b9d2-67b99e82731b.jar:main&quot; from Service Module Loader)
	at org.jboss.modules.ModuleClassLoader.defineClass(ModuleClassLoader.java:396) [jboss-modules.jar:1.1.1.GA]
	at org.jboss.modules.ModuleClassLoader.loadClassLocal(ModuleClassLoader.java:243) [jboss-modules.jar:1.1.1.GA]
	at org.jboss.modules.ModuleClassLoader$1.loadClassLocal(ModuleClassLoader.java:73) [jboss-modules.jar:1.1.1.GA]
	at org.jboss.modules.Module.loadModuleClass(Module.java:517) [jboss-modules.jar:1.1.1.GA]
	at org.jboss.modules.ModuleClassLoader.findClass(ModuleClassLoader.java:182) [jboss-modules.jar:1.1.1.GA]
	at org.jboss.modules.ConcurrentClassLoader.performLoadClassUnchecked(ConcurrentClassLoader.java:468) [jboss-modules.jar:1.1.1.GA]
	at org.jboss.modules.ConcurrentClassLoader.performLoadClassChecked(ConcurrentClassLoader.java:456) [jboss-modules.jar:1.1.1.GA]
	at org.jboss.modules.ConcurrentClassLoader.performLoadClass(ConcurrentClassLoader.java:398) [jboss-modules.jar:1.1.1.GA]
	at org.jboss.modules.ConcurrentClassLoader.loadClass(ConcurrentClassLoader.java:120) [jboss-modules.jar:1.1.1.GA]
	at org.jboss.as.ejb3.deployment.processors.BusinessViewAnnotationProcessor.getEjbClass(BusinessViewAnnotationProcessor.java:225)
	at org.jboss.as.ejb3.deployment.processors.BusinessViewAnnotationProcessor.deploy(BusinessViewAnnotationProcessor.java:97)
	at org.jboss.as.server.deployment.DeploymentUnitPhaseService.start(DeploymentUnitPhaseService.java:113) [jboss-as-server-7.1.1.Final.jar:7.1.1.Final]
	at org.jboss.msc.service.ServiceControllerImpl$StartTask.startService(ServiceControllerImpl.java:1811) [jboss-msc-1.0.2.GA.jar:1.0.2.GA]
	at org.jboss.msc.service.ServiceControllerImpl$StartTask.run(ServiceControllerImpl.java:1746) [jboss-msc-1.0.2.GA.jar:1.0.2.GA]
	at java.util.concurrent.ThreadPoolExecutor.runWorker(ThreadPoolExecutor.java:1145) [rt.jar:1.7.0_75]
	at java.util.concurrent.ThreadPoolExecutor$Worker.run(ThreadPoolExecutor.java:615) [rt.jar:1.7.0_75]
	at java.lang.Thread.run(Thread.java:745) [rt.jar:1.7.0_75]
Caused by: java.lang.NoClassDefFoundError: com/ciaran/test/GreetLocal
	at java.lang.ClassLoader.defineClass1(Native Method) [rt.jar:1.7.0_75]
	at java.lang.ClassLoader.defineClass(ClassLoader.java:800) [rt.jar:1.7.0_75]
	at java.security.SecureClassLoader.defineClass(SecureClassLoader.java:142) [rt.jar:1.7.0_75]
	at org.jboss.modules.ModuleClassLoader.doDefineOrLoadClass(ModuleClassLoader.java:327) [jboss-modules.jar:1.1.1.GA]
	at org.jboss.modules.ModuleClassLoader.defineClass(ModuleClassLoader.java:391) [jboss-modules.jar:1.1.1.GA]
	... 16 more
Caused by: java.lang.ClassNotFoundException: com.ciaran.test.GreetLocal from [Module &quot;deployment.7f0384b5-25e0-46f7-b9d2-67b99e82731b.jar:main&quot; from Service Module Loader]
	at org.jboss.modules.ModuleClassLoader.findClass(ModuleClassLoader.java:190) [jboss-modules.jar:1.1.1.GA]
	at org.jboss.modules.ConcurrentClassLoader.performLoadClassUnchecked(ConcurrentClassLoader.java:468) [jboss-modules.jar:1.1.1.GA]
	at org.jboss.modules.ConcurrentClassLoader.performLoadClassChecked(ConcurrentClassLoader.java:456) [jboss-modules.jar:1.1.1.GA]
	at org.jboss.modules.ConcurrentClassLoader.performLoadClass(ConcurrentClassLoader.java:398) [jboss-modules.jar:1.1.1.GA]
	at org.jboss.modules.ConcurrentClassLoader.loadClass(ConcurrentClassLoader.java:120) [jboss-modules.jar:1.1.1.GA]
	... 21 more

18:57:38,107 ERROR [org.jboss.msc.service.fail] (MSC service thread 1-8) MSC00001: Failed to start service jboss.deployment.unit.&quot;7f0384b5-25e0-46f7-b9d2-67b99e82731b.jar&quot;.POST_MODULE: org.jboss.msc.service.StartException in service jboss.deployment.unit.&quot;7f0384b5-25e0-46f7-b9d2-67b99e82731b.jar&quot;.POST_MODULE: Failed to process phase POST_MODULE of deployment &quot;7f0384b5-25e0-46f7-b9d2-67b99e82731b.jar&quot;
	at org.jboss.as.server.deployment.DeploymentUnitPhaseService.start(DeploymentUnitPhaseService.java:119) [jboss-as-server-7.1.1.Final.jar:7.1.1.Final]
	at org.jboss.msc.service.ServiceControllerImpl$StartTask.startService(ServiceControllerImpl.java:1811) [jboss-msc-1.0.2.GA.jar:1.0.2.GA]
	at org.jboss.msc.service.ServiceControllerImpl$StartTask.run(ServiceControllerImpl.java:1746) [jboss-msc-1.0.2.GA.jar:1.0.2.GA]
	at java.util.concurrent.ThreadPoolExecutor.runWorker(ThreadPoolExecutor.java:1145) [rt.jar:1.7.0_75]
	at java.util.concurrent.ThreadPoolExecutor$Worker.run(ThreadPoolExecutor.java:615) [rt.jar:1.7.0_75]
	at java.lang.Thread.run(Thread.java:745) [rt.jar:1.7.0_75]
Caused by: org.jboss.as.server.deployment.DeploymentUnitProcessingException: Could not load EJB class com.ciaran.test.Greeting
	at org.jboss.as.ejb3.deployment.processors.BusinessViewAnnotationProcessor.getEjbClass(BusinessViewAnnotationProcessor.java:227)
	at org.jboss.as.ejb3.deployment.processors.BusinessViewAnnotationProcessor.deploy(BusinessViewAnnotationProcessor.java:97)
	at org.jboss.as.server.deployment.DeploymentUnitPhaseService.start(DeploymentUnitPhaseService.java:113) [jboss-as-server-7.1.1.Final.jar:7.1.1.Final]
	... 5 more
Caused by: java.lang.ClassNotFoundException: com.ciaran.test.Greeting from [Module &quot;deployment.7f0384b5-25e0-46f7-b9d2-67b99e82731b.jar:main&quot; from Service Module Loader]
	at org.jboss.modules.ModuleClassLoader.findClass(ModuleClassLoader.java:190) [jboss-modules.jar:1.1.1.GA]
	at org.jboss.modules.ConcurrentClassLoader.performLoadClassUnchecked(ConcurrentClassLoader.java:468) [jboss-modules.jar:1.1.1.GA]
	at org.jboss.modules.ConcurrentClassLoader.performLoadClassChecked(ConcurrentClassLoader.java:456) [jboss-modules.jar:1.1.1.GA]
	at org.jboss.modules.ConcurrentClassLoader.performLoadClass(ConcurrentClassLoader.java:398) [jboss-modules.jar:1.1.1.GA]
	at org.jboss.modules.ConcurrentClassLoader.loadClass(ConcurrentClassLoader.java:120) [jboss-modules.jar:1.1.1.GA]
	at org.jboss.as.ejb3.deployment.processors.BusinessViewAnnotationProcessor.getEjbClass(BusinessViewAnnotationProcessor.java:225)
	... 7 more

18:57:38,118 INFO  [org.jboss.as.server] (management-handler-thread - 1) JBAS015870: Deploy of deployment &quot;7f0384b5-25e0-46f7-b9d2-67b99e82731b.jar&quot; was rolled back with failure message {&quot;JBAS014671: Failed services&quot; =&gt; {&quot;jboss.deployment.unit.\&quot;7f0384b5-25e0-46f7-b9d2-67b99e82731b.jar\&quot;.POST_MODULE&quot; =&gt; &quot;org.jboss.msc.service.StartException in service jboss.deployment.unit.\&quot;7f0384b5-25e0-46f7-b9d2-67b99e82731b.jar\&quot;.POST_MODULE: Failed to process phase POST_MODULE of deployment \&quot;7f0384b5-25e0-46f7-b9d2-67b99e82731b.jar\&quot;&quot;}}
18:57:38,123 INFO  [org.jboss.as.server.deployment] (MSC service thread 1-6) JBAS015877: Stopped deployment 7f0384b5-25e0-46f7-b9d2-67b99e82731b.jar in 5ms
18:57:38,124 INFO  [org.jboss.as.controller] (management-handler-thread - 1) JBAS014774: Service status report
JBAS014777:   Services which failed to start:      service jboss.deployment.unit.&quot;7f0384b5-25e0-46f7-b9d2-67b99e82731b.jar&quot;.POST_MODULE: org.jboss.msc.service.StartException in service jboss.deployment.unit.&quot;7f0384b5-25e0-46f7-b9d2-67b99e82731b.jar&quot;.POST_MODULE: Failed to process phase POST_MODULE of deployment &quot;7f0384b5-25e0-46f7-b9d2-67b99e82731b.jar&quot;

</system-out>
  </testcase>
</testsuite>